<?xml version="1.0" encoding="UTF-8"?>
<!-- Generated by org.testng.reporters.JUnitXMLReporter -->
<testsuite hostname="Jeka-Lenovo" ignored="4" name="Test" tests="4" failures="0" timestamp="2023-03-07T18:41:58 EST" time="24.735" errors="0">
  <testcase name="login" time="4.01" classname="com.qa.test.EcomTest"/>
  <testcase name="login" time="3.957" classname="com.qa.test.EcomTest"/>
  <testcase name="login" time="3.819" classname="com.qa.test.EcomTest"/>
  <testcase name="login" time="3.902" classname="com.qa.test.EcomTest"/>
  <testcase name="footerLinkTest" time="0.0" classname="com.qa.test.EcomTest">
    <ignored/>
  </testcase> <!-- footerLinkTest -->
  <testcase name="registerNewUserTest" time="0.0" classname="com.qa.test.EcomTest">
    <ignored/>
  </testcase> <!-- registerNewUserTest -->
  <testcase name="registerExistingUserTest" time="0.0" classname="com.qa.test.EcomTest">
    <ignored/>
  </testcase> <!-- registerExistingUserTest -->
  <testcase name="titleTest" time="0.0" classname="com.qa.test.EcomTest">
    <ignored/>
  </testcase> <!-- titleTest -->
</testsuite> <!-- Test -->
